[debug] [2023-04-30T04:22:03.486Z] ----------------------------------------------------------------------
[debug] [2023-04-30T04:22:03.488Z] Command:       C:\Program Files\nodejs\node.exe C:\Program Files\nodejs\node_modules\firebase-tools\lib\bin\firebase.js serve
[debug] [2023-04-30T04:22:03.489Z] CLI Version:   11.28.0
[debug] [2023-04-30T04:22:03.489Z] Platform:      win32
[debug] [2023-04-30T04:22:03.489Z] Node Version:  v19.4.0
[debug] [2023-04-30T04:22:03.489Z] Time:          Sun Apr 30 2023 00:22:03 GMT-0400 (Eastern Daylight Time)
[debug] [2023-04-30T04:22:03.489Z] ----------------------------------------------------------------------
[debug] 
[debug] [2023-04-30T04:22:03.592Z] > command requires scopes: ["email","openid","https://www.googleapis.com/auth/cloudplatformprojects.readonly","https://www.googleapis.com/auth/firebase","https://www.googleapis.com/auth/cloud-platform"]
[debug] [2023-04-30T04:22:03.593Z] > authorizing via signed-in user (twozniak2016@fau.edu)
[debug] [2023-04-30T04:22:03.593Z] [iam] checking project movie-app-full-stack-1 for permissions ["firebase.projects.get"]
[debug] [2023-04-30T04:22:03.594Z] > refreshing access token with scopes: []
[debug] [2023-04-30T04:22:03.595Z] >>> [apiv2][query] POST https://www.googleapis.com/oauth2/v3/token [none]
[debug] [2023-04-30T04:22:03.595Z] >>> [apiv2][body] POST https://www.googleapis.com/oauth2/v3/token [omitted]
[debug] [2023-04-30T04:22:03.759Z] <<< [apiv2][status] POST https://www.googleapis.com/oauth2/v3/token 200
[debug] [2023-04-30T04:22:03.759Z] <<< [apiv2][body] POST https://www.googleapis.com/oauth2/v3/token [omitted]
[debug] [2023-04-30T04:22:03.772Z] >>> [apiv2][query] POST https://cloudresourcemanager.googleapis.com/v1/projects/movie-app-full-stack-1:testIamPermissions [none]
[debug] [2023-04-30T04:22:03.772Z] >>> [apiv2][(partial)header] POST https://cloudresourcemanager.googleapis.com/v1/projects/movie-app-full-stack-1:testIamPermissions x-goog-quota-user=projects/movie-app-full-stack-1
[debug] [2023-04-30T04:22:03.772Z] >>> [apiv2][body] POST https://cloudresourcemanager.googleapis.com/v1/projects/movie-app-full-stack-1:testIamPermissions {"permissions":["firebase.projects.get"]}
[debug] [2023-04-30T04:22:03.988Z] <<< [apiv2][status] POST https://cloudresourcemanager.googleapis.com/v1/projects/movie-app-full-stack-1:testIamPermissions 200
[debug] [2023-04-30T04:22:03.988Z] <<< [apiv2][body] POST https://cloudresourcemanager.googleapis.com/v1/projects/movie-app-full-stack-1:testIamPermissions {"permissions":["firebase.projects.get"]}
[debug] [2023-04-30T04:22:03.989Z] >>> [apiv2][query] GET https://firebase.googleapis.com/v1beta1/projects/movie-app-full-stack-1 [none]
[debug] [2023-04-30T04:22:04.261Z] <<< [apiv2][status] GET https://firebase.googleapis.com/v1beta1/projects/movie-app-full-stack-1 200
[debug] [2023-04-30T04:22:04.262Z] <<< [apiv2][body] GET https://firebase.googleapis.com/v1beta1/projects/movie-app-full-stack-1 {"projectId":"movie-app-full-stack-1","projectNumber":"732289375022","displayName":"MOVIE-APP-FULL-STACK-1","name":"projects/movie-app-full-stack-1","resources":{"hostingSite":"movie-app-full-stack-1","realtimeDatabaseInstance":"movie-app-full-stack-1-default-rtdb"},"state":"ACTIVE","etag":"1_f0308ad3-7132-4b29-9b13-2d699b4cc965"}
[info] 
[info] === Serving from 'W:\Full Stack class\work\final-project-Team-9'...
[info] 
[debug] [2023-04-30T04:22:04.265Z] >>> [apiv2][query] GET https://firebasehosting.googleapis.com/v1beta1/projects/movie-app-full-stack-1/sites 
[debug] [2023-04-30T04:22:04.769Z] <<< [apiv2][status] GET https://firebasehosting.googleapis.com/v1beta1/projects/movie-app-full-stack-1/sites 200
[debug] [2023-04-30T04:22:04.770Z] <<< [apiv2][body] GET https://firebasehosting.googleapis.com/v1beta1/projects/movie-app-full-stack-1/sites {"sites":[{"name":"projects/movie-app-full-stack-1/sites/movie-app-full-stack-1","defaultUrl":"https://movie-app-full-stack-1.web.app","appId":"1:732289375022:web:de388fa799e9021c4c38bf","type":"DEFAULT_SITE"}]}
[debug] [2023-04-30T04:22:04.770Z] >>> [apiv2][query] GET https://firebase.googleapis.com/v1beta1/projects/movie-app-full-stack-1/webApps/1:732289375022:web:de388fa799e9021c4c38bf/config [none]
[debug] [2023-04-30T04:22:05.172Z] <<< [apiv2][status] GET https://firebase.googleapis.com/v1beta1/projects/movie-app-full-stack-1/webApps/1:732289375022:web:de388fa799e9021c4c38bf/config 200
[debug] [2023-04-30T04:22:05.172Z] <<< [apiv2][body] GET https://firebase.googleapis.com/v1beta1/projects/movie-app-full-stack-1/webApps/1:732289375022:web:de388fa799e9021c4c38bf/config {"projectId":"movie-app-full-stack-1","appId":"1:732289375022:web:de388fa799e9021c4c38bf","databaseURL":"https://movie-app-full-stack-1-default-rtdb.firebaseio.com","storageBucket":"movie-app-full-stack-1.appspot.com","apiKey":"AIzaSyD052QaAfvdf9sdLExCn3d7ijdGNROPUAc","authDomain":"movie-app-full-stack-1.firebaseapp.com","messagingSenderId":"732289375022","measurementId":"G-GK807470HK"}
[debug] [2023-04-30T04:22:05.177Z] >>> [apiv2][query] GET https://firebase.googleapis.com/v1beta1/projects/movie-app-full-stack-1 [none]
[debug] [2023-04-30T04:22:05.354Z] <<< [apiv2][status] GET https://firebase.googleapis.com/v1beta1/projects/movie-app-full-stack-1 200
[debug] [2023-04-30T04:22:05.354Z] <<< [apiv2][body] GET https://firebase.googleapis.com/v1beta1/projects/movie-app-full-stack-1 {"projectId":"movie-app-full-stack-1","projectNumber":"732289375022","displayName":"MOVIE-APP-FULL-STACK-1","name":"projects/movie-app-full-stack-1","resources":{"hostingSite":"movie-app-full-stack-1","realtimeDatabaseInstance":"movie-app-full-stack-1-default-rtdb"},"state":"ACTIVE","etag":"1_f0308ad3-7132-4b29-9b13-2d699b4cc965"}
[info] i  hosting[movie-app-full-stack-1]: Serving hosting files from: public {"metadata":{"emulator":{"name":"hosting"},"message":"Serving hosting files from: \u001b[1mpublic\u001b[22m"}}
[info] +  hosting[movie-app-full-stack-1]: Local server: http://localhost:5000 {"metadata":{"emulator":{"name":"hosting"},"message":"Local server: \u001b[4m\u001b[1mhttp://localhost:5000\u001b[22m\u001b[24m"}}
[info] i  hosting: ::1 - - [30/Apr/2023:04:22:11 +0000] "GET /index.html HTTP/1.1" 200 - "http://localhost:5000/home.html" "Mozilla/5.0 (Windows NT 10.0; Win64; x64; rv:109.0) Gecko/20100101 Firefox/112.0" {"metadata":{"emulator":{"name":"hosting"},"message":"::1 - - [30/Apr/2023:04:22:11 +0000] \"GET /index.html HTTP/1.1\" 200 - \"http://localhost:5000/home.html\" \"Mozilla/5.0 (Windows NT 10.0; Win64; x64; rv:109.0) Gecko/20100101 Firefox/112.0\""}}
[debug] [2023-04-30T04:22:12.046Z] >>> [apiv2][query] GET https://www.gstatic.com/firebasejs/9.19.1/firebase-app-compat.js [none]
[info] i  hosting: ::1 - - [30/Apr/2023:04:22:12 +0000] "GET /__/firebase/9.19.1/firebase-app-compat.js HTTP/1.1" - - "http://localhost:5000/index.html" "Mozilla/5.0 (Windows NT 10.0; Win64; x64; rv:109.0) Gecko/20100101 Firefox/112.0" {"metadata":{"emulator":{"name":"hosting"},"message":"::1 - - [30/Apr/2023:04:22:12 +0000] \"GET /__/firebase/9.19.1/firebase-app-compat.js HTTP/1.1\" - - \"http://localhost:5000/index.html\" \"Mozilla/5.0 (Windows NT 10.0; Win64; x64; rv:109.0) Gecko/20100101 Firefox/112.0\""}}
[debug] [2023-04-30T04:22:12.142Z] <<< [apiv2][status] GET https://www.gstatic.com/firebasejs/9.19.1/firebase-app-compat.js 200
[debug] [2023-04-30T04:22:12.142Z] <<< [apiv2][body] GET https://www.gstatic.com/firebasejs/9.19.1/firebase-app-compat.js [stream]
[info] i  hosting: ::1 - - [30/Apr/2023:04:22:26 +0000] "GET /movie2.jpg HTTP/1.1" 404 647 "http://localhost:5000/home.html" "Mozilla/5.0 (Windows NT 10.0; Win64; x64; rv:109.0) Gecko/20100101 Firefox/112.0" {"metadata":{"emulator":{"name":"hosting"},"message":"::1 - - [30/Apr/2023:04:22:26 +0000] \"GET /movie2.jpg HTTP/1.1\" 404 647 \"http://localhost:5000/home.html\" \"Mozilla/5.0 (Windows NT 10.0; Win64; x64; rv:109.0) Gecko/20100101 Firefox/112.0\""}}
[info] i  hosting: ::1 - - [30/Apr/2023:04:22:26 +0000] "GET /movie1.jpg HTTP/1.1" 404 647 "http://localhost:5000/home.html" "Mozilla/5.0 (Windows NT 10.0; Win64; x64; rv:109.0) Gecko/20100101 Firefox/112.0" {"metadata":{"emulator":{"name":"hosting"},"message":"::1 - - [30/Apr/2023:04:22:26 +0000] \"GET /movie1.jpg HTTP/1.1\" 404 647 \"http://localhost:5000/home.html\" \"Mozilla/5.0 (Windows NT 10.0; Win64; x64; rv:109.0) Gecko/20100101 Firefox/112.0\""}}
